<!DOCTYPE html PUBLIC "-//W3C//DTD XHTML 1.1//EN" "https://www.w3.org/TR/xhtml11/DTD/xhtml11.dtd">
<html xmlns="https://www.w3.org/1999/xhtml">
<head>
<meta http-equiv="content-type" content="text/html; charset=UTF-8"/>
<title>TestNG Report</title>
<style type="text/css">table {margin-bottom:10px;border-collapse:collapse;empty-cells:show}th,td {border:1px solid #009;padding:.25em .5em}th {vertical-align:bottom}td {vertical-align:top}table a {font-weight:bold}.stripe td {background-color: #E6EBF9}.num {text-align:right}.passedodd td {background-color: #3F3}.passedeven td {background-color: #0A0}.skippedodd td {background-color: #DDD}.skippedeven td {background-color: #CCC}.failedodd td,.attn {background-color: #F33}.failedeven td,.stripe .attn {background-color: #D00}.stacktrace {white-space:pre;font-family:monospace}.totop {font-size:85%;text-align:center;border-bottom:2px solid #000}.invisible {display:none}</style>
</head>
<body>
<table>
<tr><th>Test</th><th># Passed</th><th># Skipped</th><th># Retried</th><th># Failed</th><th>Time (ms)</th><th>Included Groups</th><th>Excluded Groups</th></tr>
<tr><th colspan="8">Suite</th></tr>
<tr><td><a href="#t0">Test</a></td><td class="num">0</td><td class="num attn">2</td><td class="num">0</td><td class="num">0</td><td class="num">2,791</td><td></td><td></td></tr>
</table>
<table id='summary'><thead><tr><th>Class</th><th>Method</th><th>Start</th><th>Time (ms)</th></tr></thead><tbody><tr><th colspan="4">Suite</th></tr></tbody><tbody id="t0"><tr><th colspan="4">Test &#8212; failed (configuration methods)</th></tr><tr class="failedeven"><td rowspan="1">AmazonTestPackage.AmazonTestProject.LoginTest</td><td><a href="#m0">LaunchAmazon</a></td><td rowspan="1">1737617315620</td><td rowspan="1">-1737617315620</td></tr><tr><th colspan="4">Test &#8212; skipped (configuration methods)</th></tr><tr class="skippedeven"><td rowspan="1">AmazonTestPackage.AmazonTestProject.LoginTest</td><td><a href="#m1">QuitAmazon</a></td><td rowspan="1">1737617318387</td><td rowspan="1">0</td></tr><tr><th colspan="4">Test &#8212; skipped</th></tr><tr class="skippedeven"><td rowspan="1">AmazonTestPackage.AmazonTestProject.LoginTest</td><td><a href="#m2">LoginTest</a></td><td rowspan="1">1737617318355</td><td rowspan="1">0</td></tr><tr class="skippedodd"><td rowspan="1">AmazonTestPackage.AmazonTestProject.SearchProductTestCase</td><td><a href="#m3">SearchProduct</a></td><td rowspan="1">1737617318384</td><td rowspan="1">0</td></tr></tbody>
</table>
<h2>Test</h2><h3 id="m0">AmazonTestPackage.AmazonTestProject.LoginTest#LaunchAmazon</h3><table class="result"><tr><th>Exception</th></tr><tr><td><div class="stacktrace">org.testng.TestNGException: 
Parameter &apos;Environment&apos; is required by BeforeTest on method LaunchAmazon but has not been marked @Optional or defined
in C:\Users\sandeep.kumar\eclipse-workspace\AmazonTestProject\testng.xml
... Removed 25 stack frames</div></td></tr></table><p class="totop"><a href="#summary">back to summary</a></p>
<h3 id="m1">AmazonTestPackage.AmazonTestProject.LoginTest#QuitAmazon</h3><table class="result"><tr><th class="invisible"/></tr></table><p class="totop"><a href="#summary">back to summary</a></p>
<h3 id="m2">AmazonTestPackage.AmazonTestProject.LoginTest#LoginTest</h3><table class="result"><tr class="param"><th>Parameter #1</th><th>Parameter #2</th></tr><tr class="param stripe"><td>decentsandy744@gmail.com</td><td>Intel@22August</td></tr><tr><th colspan="2">Exception</th></tr><tr><td colspan="2"><div class="stacktrace">org.testng.TestNGException: 
Parameter &apos;Environment&apos; is required by BeforeTest on method LaunchAmazon but has not been marked @Optional or defined
in C:\Users\sandeep.kumar\eclipse-workspace\AmazonTestProject\testng.xml
... Removed 25 stack frames</div></td></tr></table><p class="totop"><a href="#summary">back to summary</a></p>
<h3 id="m3">AmazonTestPackage.AmazonTestProject.SearchProductTestCase#SearchProduct</h3><table class="result"><tr><th>Exception</th></tr><tr><td><div class="stacktrace">org.testng.TestNGException: 
Parameter &apos;Environment&apos; is required by BeforeTest on method LaunchAmazon but has not been marked @Optional or defined
in C:\Users\sandeep.kumar\eclipse-workspace\AmazonTestProject\testng.xml
... Removed 25 stack frames</div></td></tr></table><p class="totop"><a href="#summary">back to summary</a></p>
</body>
</html>
